

============================== 2023-04-11 22:49:45.298798 | 2f973c23-e45b-41dd-be5d-639491521341 ==============================
[0m22:49:45.298798 [info ] [MainThread]: Running with dbt=1.4.5
[0m22:49:45.300392 [debug] [MainThread]: running dbt with arguments {'write_json': True, 'use_colors': True, 'printer_width': 80, 'version_check': True, 'partial_parse': True, 'static_parser': True, 'profiles_dir': '/home/vscode/.dbt', 'send_anonymous_usage_stats': True, 'quiet': False, 'no_print': False, 'cache_selected_only': False, 'skip_profile_setup': False, 'which': 'init', 'indirect_selection': 'eager'}
[0m22:49:45.300692 [debug] [MainThread]: Tracking: tracking
[0m22:49:45.305394 [debug] [MainThread]: Sending event: {'category': 'dbt', 'action': 'invocation', 'label': 'start', 'context': [<snowplow_tracker.self_describing_json.SelfDescribingJson object at 0x7f2a3eeaaa00>, <snowplow_tracker.self_describing_json.SelfDescribingJson object at 0x7f2a3eeaa0a0>, <snowplow_tracker.self_describing_json.SelfDescribingJson object at 0x7f2a3eeaaa30>]}
[0m22:49:45.306314 [info ] [MainThread]: Creating dbt configuration folder at /home/vscode/.dbt
[0m22:50:24.164357 [debug] [MainThread]: Starter project path: /usr/local/python/3.9.16/lib/python3.9/site-packages/dbt/include/starter_project
[0m22:51:35.907463 [info ] [MainThread]: Profile coffee_shop_markisha written to /home/vscode/.dbt/profiles.yml using target's profile_template.yml and your supplied values. Run 'dbt debug' to validate the connection.
[0m22:51:35.908215 [info ] [MainThread]: 
Your new dbt project "coffee_shop_markisha" was created!

For more information on how to configure the profiles.yml file,
please consult the dbt documentation here:

  https://docs.getdbt.com/docs/configure-your-profile

One more thing:

Need help? Don't hesitate to reach out to us via GitHub issues or on Slack:

  https://community.getdbt.com/

Happy modeling!

[0m22:51:35.908933 [debug] [MainThread]: Sending event: {'category': 'dbt', 'action': 'invocation', 'label': 'end', 'context': [<snowplow_tracker.self_describing_json.SelfDescribingJson object at 0x7f2a3ee92f10>, <snowplow_tracker.self_describing_json.SelfDescribingJson object at 0x7f2a3d912250>, <snowplow_tracker.self_describing_json.SelfDescribingJson object at 0x7f2a3fc4db80>]}
[0m22:51:35.909535 [debug] [MainThread]: Flushing usage events


============================== 2023-04-11 23:22:10.217224 | 07cad96a-28d7-4e47-88bd-dba6a569d8dc ==============================
[0m23:22:10.217224 [info ] [MainThread]: Running with dbt=1.4.5
[0m23:22:10.218896 [debug] [MainThread]: running dbt with arguments {'write_json': True, 'use_colors': True, 'printer_width': 80, 'version_check': True, 'partial_parse': True, 'static_parser': True, 'profiles_dir': '/home/vscode/.dbt', 'send_anonymous_usage_stats': True, 'quiet': False, 'no_print': False, 'cache_selected_only': False, 'config_dir': False, 'which': 'debug', 'indirect_selection': 'eager'}
[0m23:22:10.219208 [debug] [MainThread]: Tracking: tracking
[0m23:22:10.227292 [debug] [MainThread]: Sending event: {'category': 'dbt', 'action': 'invocation', 'label': 'start', 'context': [<snowplow_tracker.self_describing_json.SelfDescribingJson object at 0x7fc1356ed250>, <snowplow_tracker.self_describing_json.SelfDescribingJson object at 0x7fc131ef8970>, <snowplow_tracker.self_describing_json.SelfDescribingJson object at 0x7fc131ef8f70>]}
[0m23:22:10.612246 [debug] [MainThread]: Executing "git --help"
[0m23:22:10.617743 [debug] [MainThread]: STDOUT: "b"usage: git [-v | --version] [-h | --help] [-C <path>] [-c <name>=<value>]\n           [--exec-path[=<path>]] [--html-path] [--man-path] [--info-path]\n           [-p | --paginate | -P | --no-pager] [--no-replace-objects] [--bare]\n           [--git-dir=<path>] [--work-tree=<path>] [--namespace=<name>]\n           [--super-prefix=<path>] [--config-env=<name>=<envvar>]\n           <command> [<args>]\n\nThese are common Git commands used in various situations:\n\nstart a working area (see also: git help tutorial)\n   clone     Clone a repository into a new directory\n   init      Create an empty Git repository or reinitialize an existing one\n\nwork on the current change (see also: git help everyday)\n   add       Add file contents to the index\n   mv        Move or rename a file, a directory, or a symlink\n   restore   Restore working tree files\n   rm        Remove files from the working tree and from the index\n\nexamine the history and state (see also: git help revisions)\n   bisect    Use binary search to find the commit that introduced a bug\n   diff      Show changes between commits, commit and working tree, etc\n   grep      Print lines matching a pattern\n   log       Show commit logs\n   show      Show various types of objects\n   status    Show the working tree status\n\ngrow, mark and tweak your common history\n   branch    List, create, or delete branches\n   commit    Record changes to the repository\n   merge     Join two or more development histories together\n   rebase    Reapply commits on top of another base tip\n   reset     Reset current HEAD to the specified state\n   switch    Switch branches\n   tag       Create, list, delete or verify a tag object signed with GPG\n\ncollaborate (see also: git help workflows)\n   fetch     Download objects and refs from another repository\n   pull      Fetch from and integrate with another repository or a local branch\n   push      Update remote refs along with associated objects\n\n'git help -a' and 'git help -g' list available subcommands and some\nconcept guides. See 'git help <command>' or 'git help <concept>'\nto read about a specific subcommand or concept.\nSee 'git help git' for an overview of the system.\n""
[0m23:22:10.618328 [debug] [MainThread]: STDERR: "b''"
[0m23:22:10.637147 [debug] [MainThread]: Acquiring new bigquery connection 'debug'
[0m23:22:10.637749 [debug] [MainThread]: Opening a new connection, currently in state init
[0m23:22:11.345322 [debug] [MainThread]: On debug: select 1 as id
[0m23:22:12.410943 [debug] [MainThread]: BigQuery adapter: https://console.cloud.google.com/bigquery?project=aec-students&j=bq:US:404e071d-cc9b-40a6-a7a0-d884d2841100&page=queryresults
[0m23:22:12.411931 [debug] [MainThread]: Sending event: {'category': 'dbt', 'action': 'invocation', 'label': 'end', 'context': [<snowplow_tracker.self_describing_json.SelfDescribingJson object at 0x7fc134497400>, <snowplow_tracker.self_describing_json.SelfDescribingJson object at 0x7fc13041ccd0>, <snowplow_tracker.self_describing_json.SelfDescribingJson object at 0x7fc13041c160>]}
[0m23:22:12.412615 [debug] [MainThread]: Flushing usage events
[0m23:22:12.509013 [debug] [MainThread]: Connection 'debug' was properly closed.


============================== 2023-04-11 23:26:55.762125 | 23d34390-c6c1-4085-bfb7-6ae423c7f20f ==============================
[0m23:26:55.762125 [info ] [MainThread]: Running with dbt=1.4.5
[0m23:26:55.763650 [debug] [MainThread]: running dbt with arguments {'write_json': True, 'use_colors': True, 'printer_width': 80, 'version_check': True, 'partial_parse': True, 'static_parser': True, 'profiles_dir': '/home/vscode/.dbt', 'send_anonymous_usage_stats': True, 'quiet': False, 'no_print': False, 'cache_selected_only': False, 'config_dir': False, 'which': 'debug', 'indirect_selection': 'eager'}
[0m23:26:55.764024 [debug] [MainThread]: Tracking: tracking
[0m23:26:55.767603 [debug] [MainThread]: Sending event: {'category': 'dbt', 'action': 'invocation', 'label': 'start', 'context': [<snowplow_tracker.self_describing_json.SelfDescribingJson object at 0x7f98352f9250>, <snowplow_tracker.self_describing_json.SelfDescribingJson object at 0x7f9831aab160>, <snowplow_tracker.self_describing_json.SelfDescribingJson object at 0x7f9831af8b50>]}
[0m23:26:56.127544 [debug] [MainThread]: Executing "git --help"
[0m23:26:56.132919 [debug] [MainThread]: STDOUT: "b"usage: git [-v | --version] [-h | --help] [-C <path>] [-c <name>=<value>]\n           [--exec-path[=<path>]] [--html-path] [--man-path] [--info-path]\n           [-p | --paginate | -P | --no-pager] [--no-replace-objects] [--bare]\n           [--git-dir=<path>] [--work-tree=<path>] [--namespace=<name>]\n           [--super-prefix=<path>] [--config-env=<name>=<envvar>]\n           <command> [<args>]\n\nThese are common Git commands used in various situations:\n\nstart a working area (see also: git help tutorial)\n   clone     Clone a repository into a new directory\n   init      Create an empty Git repository or reinitialize an existing one\n\nwork on the current change (see also: git help everyday)\n   add       Add file contents to the index\n   mv        Move or rename a file, a directory, or a symlink\n   restore   Restore working tree files\n   rm        Remove files from the working tree and from the index\n\nexamine the history and state (see also: git help revisions)\n   bisect    Use binary search to find the commit that introduced a bug\n   diff      Show changes between commits, commit and working tree, etc\n   grep      Print lines matching a pattern\n   log       Show commit logs\n   show      Show various types of objects\n   status    Show the working tree status\n\ngrow, mark and tweak your common history\n   branch    List, create, or delete branches\n   commit    Record changes to the repository\n   merge     Join two or more development histories together\n   rebase    Reapply commits on top of another base tip\n   reset     Reset current HEAD to the specified state\n   switch    Switch branches\n   tag       Create, list, delete or verify a tag object signed with GPG\n\ncollaborate (see also: git help workflows)\n   fetch     Download objects and refs from another repository\n   pull      Fetch from and integrate with another repository or a local branch\n   push      Update remote refs along with associated objects\n\n'git help -a' and 'git help -g' list available subcommands and some\nconcept guides. See 'git help <command>' or 'git help <concept>'\nto read about a specific subcommand or concept.\nSee 'git help git' for an overview of the system.\n""
[0m23:26:56.133502 [debug] [MainThread]: STDERR: "b''"
[0m23:26:56.138471 [debug] [MainThread]: Acquiring new bigquery connection 'debug'
[0m23:26:56.139082 [debug] [MainThread]: Opening a new connection, currently in state init
[0m23:26:56.788632 [debug] [MainThread]: On debug: select 1 as id
[0m23:26:57.740706 [debug] [MainThread]: BigQuery adapter: https://console.cloud.google.com/bigquery?project=aec-students&j=bq:US:39c3f7ee-fdc0-41a0-9aca-ff3b2cfef680&page=queryresults
[0m23:26:57.741574 [debug] [MainThread]: Sending event: {'category': 'dbt', 'action': 'invocation', 'label': 'end', 'context': [<snowplow_tracker.self_describing_json.SelfDescribingJson object at 0x7f98328324f0>, <snowplow_tracker.self_describing_json.SelfDescribingJson object at 0x7f9830026910>, <snowplow_tracker.self_describing_json.SelfDescribingJson object at 0x7f9830026d30>]}
[0m23:26:57.742339 [debug] [MainThread]: Flushing usage events
[0m23:26:57.842045 [debug] [MainThread]: Connection 'debug' was properly closed.
